2018-12-14 10:06:31,621 ERROR: Exception on / [GET] [in /Users/evh111/Desktop/programz/petblog/myenv/lib/python3.7/site-packages/flask/app.py:1761]
Traceback (most recent call last):
  File "/Users/evh111/Desktop/programz/petblog/myenv/lib/python3.7/site-packages/flask/app.py", line 2292, in wsgi_app
    response = self.full_dispatch_request()
  File "/Users/evh111/Desktop/programz/petblog/myenv/lib/python3.7/site-packages/flask/app.py", line 1815, in full_dispatch_request
    rv = self.handle_user_exception(e)
  File "/Users/evh111/Desktop/programz/petblog/myenv/lib/python3.7/site-packages/flask/app.py", line 1718, in handle_user_exception
    reraise(exc_type, exc_value, tb)
  File "/Users/evh111/Desktop/programz/petblog/myenv/lib/python3.7/site-packages/flask/_compat.py", line 35, in reraise
    raise value
  File "/Users/evh111/Desktop/programz/petblog/myenv/lib/python3.7/site-packages/flask/app.py", line 1813, in full_dispatch_request
    rv = self.dispatch_request()
  File "/Users/evh111/Desktop/programz/petblog/myenv/lib/python3.7/site-packages/flask/app.py", line 1799, in dispatch_request
    return self.view_functions[rule.endpoint](**req.view_args)
  File "/Users/evh111/Desktop/programz/petblog/myenv/lib/python3.7/site-packages/flask_login/utils.py", line 261, in decorated_view
    return func(*args, **kwargs)
  File "/Users/evh111/Desktop/programz/petblog/app/main/routes.py", line 33, in index
    return render_template('index.html', title=_('Home'), form=form,
NameError: name 'form' is not defined
2018-12-14 10:07:00,352 INFO: PetBlog [in /Users/evh111/Desktop/programz/petblog/app/__init__.py:82]
2018-12-14 10:08:58,463 INFO: PetBlog [in /Users/evh111/Desktop/programz/petblog/app/__init__.py:82]
2018-12-14 10:28:45,092 INFO: PetBlog [in /Users/evh111/Desktop/programz/petblog/app/__init__.py:82]
2018-12-14 10:30:18,611 INFO: PetBlog [in /Users/evh111/Desktop/programz/petblog/app/__init__.py:82]
2018-12-14 10:30:41,489 INFO: PetBlog [in /Users/evh111/Desktop/programz/petblog/app/__init__.py:82]
2018-12-14 11:35:01,512 INFO: PetBlog [in /Users/evh111/Desktop/programz/petblog/app/__init__.py:82]
2018-12-14 11:38:52,489 INFO: PetBlog [in /Users/evh111/Desktop/programz/petblog/app/__init__.py:82]
2018-12-14 12:34:12,822 INFO: PetBlog [in /Users/evh111/Desktop/programz/petblog/app/__init__.py:82]
2018-12-14 12:44:01,839 INFO: PetBlog [in /Users/evh111/Desktop/programz/petblog/app/__init__.py:82]
2018-12-14 14:47:43,429 INFO: PetBlog [in /Users/evh111/Desktop/programz/petblog/app/__init__.py:82]
2018-12-14 14:50:45,460 INFO: PetBlog [in /Users/evh111/Desktop/programz/petblog/app/__init__.py:82]
2018-12-14 14:53:03,536 INFO: PetBlog [in /Users/evh111/Desktop/programz/petblog/app/__init__.py:82]
2018-12-14 19:08:33,073 INFO: PetBlog [in /Users/evh111/Desktop/programz/petblog/app/__init__.py:82]
2018-12-14 19:12:04,059 INFO: PetBlog [in /Users/evh111/Desktop/programz/petblog/app/__init__.py:82]
2018-12-14 19:14:08,617 INFO: PetBlog [in /Users/evh111/Desktop/programz/petblog/app/__init__.py:82]
2018-12-14 19:15:08,426 INFO: PetBlog [in /Users/evh111/Desktop/programz/petblog/app/__init__.py:82]
2018-12-14 19:17:40,152 INFO: PetBlog [in /Users/evh111/Desktop/programz/petblog/app/__init__.py:82]
2018-12-14 19:18:38,221 INFO: PetBlog [in /Users/evh111/Desktop/programz/petblog/app/__init__.py:82]
2018-12-14 19:19:45,467 INFO: PetBlog [in /Users/evh111/Desktop/programz/petblog/app/__init__.py:82]
2018-12-14 19:20:11,343 INFO: PetBlog [in /Users/evh111/Desktop/programz/petblog/app/__init__.py:82]
2018-12-14 19:20:30,925 INFO: PetBlog [in /Users/evh111/Desktop/programz/petblog/app/__init__.py:82]
2018-12-14 19:21:01,959 INFO: PetBlog [in /Users/evh111/Desktop/programz/petblog/app/__init__.py:82]
2018-12-14 19:21:40,326 INFO: PetBlog [in /Users/evh111/Desktop/programz/petblog/app/__init__.py:82]
2018-12-14 19:22:23,486 INFO: PetBlog [in /Users/evh111/Desktop/programz/petblog/app/__init__.py:82]
2018-12-14 19:23:00,183 INFO: PetBlog [in /Users/evh111/Desktop/programz/petblog/app/__init__.py:82]
2018-12-17 08:51:27,164 INFO: PetBlog [in /Users/evh111/Desktop/programz/petblog/app/__init__.py:82]
2018-12-17 08:52:47,487 INFO: PetBlog [in /Users/evh111/Desktop/programz/petblog/app/__init__.py:82]
